Determining if the pthread_create exist failed with the following output:
Change Dir: /home/kartick/catkin_ws/build/CMakeFiles/CMakeTmp

Run Build Command:"/usr/bin/make" "cmTC_0449e/fast"
/usr/bin/make -f CMakeFiles/cmTC_0449e.dir/build.make CMakeFiles/cmTC_0449e.dir/build
make[1] : on entre dans le répertoire « /home/kartick/catkin_ws/build/CMakeFiles/CMakeTmp »
Building C object CMakeFiles/cmTC_0449e.dir/CheckSymbolExists.c.o
/usr/bin/cc     -o CMakeFiles/cmTC_0449e.dir/CheckSymbolExists.c.o   -c /home/kartick/catkin_ws/build/CMakeFiles/CMakeTmp/CheckSymbolExists.c
Linking C executable cmTC_0449e
/usr/bin/cmake -E cmake_link_script CMakeFiles/cmTC_0449e.dir/link.txt --verbose=1
/usr/bin/cc       CMakeFiles/cmTC_0449e.dir/CheckSymbolExists.c.o  -o cmTC_0449e -rdynamic 
CMakeFiles/cmTC_0449e.dir/CheckSymbolExists.c.o : Dans la fonction « main » :
CheckSymbolExists.c:(.text+0x16) : référence indéfinie vers « pthread_create »
collect2: error: ld returned 1 exit status
CMakeFiles/cmTC_0449e.dir/build.make:97 : la recette pour la cible « cmTC_0449e » a échouée
make[1]: *** [cmTC_0449e] Erreur 1
make[1] : on quitte le répertoire « /home/kartick/catkin_ws/build/CMakeFiles/CMakeTmp »
Makefile:126 : la recette pour la cible « cmTC_0449e/fast » a échouée
make: *** [cmTC_0449e/fast] Erreur 2

File /home/kartick/catkin_ws/build/CMakeFiles/CMakeTmp/CheckSymbolExists.c:
/* */
#include <pthread.h>

int main(int argc, char** argv)
{
  (void)argv;
#ifndef pthread_create
  return ((int*)(&pthread_create))[argc];
#else
  (void)argc;
  return 0;
#endif
}

Determining if the function pthread_create exists in the pthreads failed with the following output:
Change Dir: /home/kartick/catkin_ws/build/CMakeFiles/CMakeTmp

Run Build Command:"/usr/bin/make" "cmTC_95b3b/fast"
/usr/bin/make -f CMakeFiles/cmTC_95b3b.dir/build.make CMakeFiles/cmTC_95b3b.dir/build
make[1] : on entre dans le répertoire « /home/kartick/catkin_ws/build/CMakeFiles/CMakeTmp »
Building C object CMakeFiles/cmTC_95b3b.dir/CheckFunctionExists.c.o
/usr/bin/cc    -DCHECK_FUNCTION_EXISTS=pthread_create   -o CMakeFiles/cmTC_95b3b.dir/CheckFunctionExists.c.o   -c /usr/share/cmake-3.5/Modules/CheckFunctionExists.c
Linking C executable cmTC_95b3b
/usr/bin/cmake -E cmake_link_script CMakeFiles/cmTC_95b3b.dir/link.txt --verbose=1
/usr/bin/cc   -DCHECK_FUNCTION_EXISTS=pthread_create    CMakeFiles/cmTC_95b3b.dir/CheckFunctionExists.c.o  -o cmTC_95b3b -rdynamic -lpthreads 
/usr/bin/ld : ne peut trouver -lpthreads
collect2: error: ld returned 1 exit status
CMakeFiles/cmTC_95b3b.dir/build.make:97 : la recette pour la cible « cmTC_95b3b » a échouée
make[1]: *** [cmTC_95b3b] Erreur 1
make[1] : on quitte le répertoire « /home/kartick/catkin_ws/build/CMakeFiles/CMakeTmp »
Makefile:126 : la recette pour la cible « cmTC_95b3b/fast » a échouée
make: *** [cmTC_95b3b/fast] Erreur 2


